[0.019s] Invoking command in '/home/hle/Desktop/compsci/ros/slam_capstone/build/capstone_pkg_cpp': CMAKE_PREFIX_PATH=/home/hle/Desktop/compsci/ros/ros2_ws/install/ws_bringup:/home/hle/Desktop/compsci/ros/ros2_ws/install/launch:/home/hle/Desktop/compsci/ros/ros2_ws/install/my_robot_interfaces:/home/hle/Desktop/compsci/ros/ros2_ws/install/my_cpp_pkg:/home/hle/turtlebot3_ws/install/turtlebot3:/home/hle/turtlebot3_ws/install/turtlebot3_simulations:/home/hle/turtlebot3_ws/install/turtlebot3_bringup:/home/hle/turtlebot3_ws/install/turtlebot3_node:/home/hle/turtlebot3_ws/install/turtlebot3_navigation2:/home/hle/turtlebot3_ws/install/turtlebot3_fake_node:/home/hle/turtlebot3_ws/install/turtlebot3_msgs:/home/hle/Desktop/compsci/ros/ros2_ws/install/my_py_pkg:/home/hle/Desktop/compsci/ros/ros2_ws/install/tf_transformations:/home/hle/Desktop/compsci/ros/mapping_controller/install/mapping_controller:/home/hle/turtlebot3_ws/install/turtlebot3_teleop:/home/hle/turtlebot3_ws/install/turtlebot3_example:/home/hle/Desktop/compsci/ros/ir_sensor/install/ir_sensor_pkg:/home/hle/Desktop/compsci/ros/clientserver/install/clientserver_pkg:/home/hle/Desktop/compsci/ros/activity2/install/activity:/home/hle/Desktop/compsci/ros/activity4/install/packages:/home/hle/Desktop/compsci/ros/slam_capstone/install/capstone_pkg:/opt/ros/foxy:/home/hle/turtlebot3_ws/install/turtlebot3_gazebo:/home/hle/turtlebot3_ws/install/turtlebot3_description:/home/hle/turtlebot3_ws/install/turtlebot3_cartographer:/home/hle/turtlebot3_ws/install/dynamixel_sdk_examples:/home/hle/turtlebot3_ws/install/dynamixel_sdk_custom_interfaces:/home/hle/turtlebot3_ws/install/dynamixel_sdk:/home/hle/Desktop/compsci/ros/activity2/install/activity_bringup:/home/hle/Desktop/compsci/ros/activity4/install/interfaces:/home/hle/Desktop/compsci/ros/slam_capstone/install/launch:/home/hle/Desktop/compsci/ros/slam_capstone/install/capstone_bringup:/home/hle/Desktop/compsci/ros/slam_capstone/install/capstone_interfaces /usr/bin/cmake --build /home/hle/Desktop/compsci/ros/slam_capstone/build/capstone_pkg_cpp -- -j8 -l8
[0.056s] [35m[1mScanning dependencies of target odom_map_transform[0m
[0.088s] [ 50%] [32mBuilding CXX object CMakeFiles/odom_map_transform.dir/src/odom_map_transform.cpp.o[0m
[1.384s] [01m[K/home/hle/Desktop/compsci/ros/slam_capstone/src/capstone_pkg_cpp/src/odom_map_transform.cpp:9:33:[m[K [01;31m[Kerror: [m[KISO C++ forbids declaration of â€˜[01m[Kodom_map_transform_node[m[Kâ€™ with no type [[01;31m[K-fpermissive[m[K]
[1.384s]     9 |         odom_map_transform_node([01;31m[K)[m[K : Node("odom_map_transform")
[1.384s]       |                                 [01;31m[K^[m[K
[1.384s] [01m[K/home/hle/Desktop/compsci/ros/slam_capstone/src/capstone_pkg_cpp/src/odom_map_transform.cpp:[m[K In member function â€˜[01m[Kint odom_map_transform::odom_map_transform_node()[m[Kâ€™:
[1.384s] [01m[K/home/hle/Desktop/compsci/ros/slam_capstone/src/capstone_pkg_cpp/src/odom_map_transform.cpp:9:37:[m[K [01;31m[Kerror: [m[Konly constructors take member initializers
[1.384s]     9 |         odom_map_transform_node() : [01;31m[KNode[m[K("odom_map_transform")
[1.384s]       |                                     [01;31m[K^~~~[m[K
[1.393s] [01m[K/home/hle/Desktop/compsci/ros/slam_capstone/src/capstone_pkg_cpp/src/odom_map_transform.cpp:13:51:[m[K [01;31m[Kerror: [m[Kâ€˜[01m[Ktarget_frame[m[Kâ€™ was not declared in this scope
[1.393s]    13 |             this -> get_parameter("target_frame", [01;31m[Ktarget_frame[m[K);
[1.393s]       |                                                   [01;31m[K^~~~~~~~~~~~[m[K
[1.394s] [01m[K/home/hle/Desktop/compsci/ros/slam_capstone/src/capstone_pkg_cpp/src/odom_map_transform.cpp:15:13:[m[K [01;31m[Kerror: [m[Kâ€˜[01m[Ktf_buffer[m[Kâ€™ was not declared in this scope; did you mean â€˜[01m[Ksetbuffer[m[Kâ€™?
[1.394s]    15 |             [01;31m[Ktf_buffer[m[K = std:make_unique<tf2_ros::Buffer>(this->get_clock());
[1.394s]       |             [01;31m[K^~~~~~~~~[m[K
[1.395s]       |             [32m[Ksetbuffer[m[K
[1.395s] [01m[K/home/hle/Desktop/compsci/ros/slam_capstone/src/capstone_pkg_cpp/src/odom_map_transform.cpp:15:28:[m[K [01;31m[Kerror: [m[Kfound â€˜[01m[K:[m[Kâ€™ in nested-name-specifier, expected â€˜[01m[K::[m[Kâ€™
[1.395s]    15 |             tf_buffer = std[01;31m[K:[m[Kmake_unique<tf2_ros::Buffer>(this->get_clock());
[1.395s]       |                            [01;31m[K^[m[K
[1.395s]       |                            [32m[K::[m[K
[1.404s] [01m[K/home/hle/Desktop/compsci/ros/slam_capstone/src/capstone_pkg_cpp/src/odom_map_transform.cpp:16:13:[m[K [01;31m[Kerror: [m[Kâ€˜[01m[Ktransform_listener[m[Kâ€™ was not declared in this scope
[1.404s]    16 |             [01;31m[Ktransform_listener[m[K = std::make_shared<tf2_ros::TransformListener>(*tf_buffer);
[1.404s]       |             [01;31m[K^~~~~~~~~~~~~~~~~~[m[K
[1.405s] [01m[K/home/hle/Desktop/compsci/ros/slam_capstone/src/capstone_pkg_cpp/src/odom_map_transform.cpp:19:13:[m[K [01;31m[Kerror: [m[Kâ€˜[01m[Ktimer[m[Kâ€™ was not declared in this scope; did you mean â€˜[01m[Ktime[m[Kâ€™?
[1.405s]    19 |             [01;31m[Ktimer[m[K = this -> create_wall_timer(
[1.405s]       |             [01;31m[K^~~~~[m[K
[1.405s]       |             [32m[Ktime[m[K
[1.405s] [01m[K/home/hle/Desktop/compsci/ros/slam_capstone/src/capstone_pkg_cpp/src/odom_map_transform.cpp:20:17:[m[K [01;31m[Kerror: [m[Kunable to find numeric literal operator â€˜[01m[Koperator""s[m[Kâ€™
[1.405s]    20 |                 [01;31m[K1s[m[K, std::bind(&odom_map_transform::on_timer, this)
[1.405s]       |                 [01;31m[K^~[m[K
[1.410s] [01m[K/home/hle/Desktop/compsci/ros/slam_capstone/src/capstone_pkg_cpp/src/odom_map_transform.cpp:22:9:[m[K [01;35m[Kwarning: [m[Kno return statement in function returning non-void [[01;35m[K-Wreturn-type[m[K]
[1.411s]    22 |         [01;35m[K}[m[K
[1.411s]       |         [01;35m[K^[m[K
[1.413s] [01m[K/home/hle/Desktop/compsci/ros/slam_capstone/src/capstone_pkg_cpp/src/odom_map_transform.cpp:[m[K In member function â€˜[01m[Kvoid odom_map_transform::on_timer()[m[Kâ€™:
[1.413s] [01m[K/home/hle/Desktop/compsci/ros/slam_capstone/src/capstone_pkg_cpp/src/odom_map_transform.cpp:27:13:[m[K [01;31m[Kerror: [m[Kâ€˜[01m[KRCLPP_INFO[m[Kâ€™ was not declared in this scope; did you mean â€˜[01m[KRCLCPP_INFO[m[Kâ€™?
[1.413s]    27 |             [01;31m[KRCLPP_INFO[m[K(this->get_logger(), "node node node");
[1.413s]       |             [01;31m[K^~~~~~~~~~[m[K
[1.413s]       |             [32m[KRCLCPP_INFO[m[K
[1.739s] In file included from [01m[K/usr/include/x86_64-linux-gnu/c++/9/bits/c++allocator.h:33[m[K,
[1.739s]                  from [01m[K/usr/include/c++/9/bits/allocator.h:46[m[K,
[1.740s]                  from [01m[K/usr/include/c++/9/memory:63[m[K,
[1.740s]                  from [01m[K/opt/ros/foxy/include/rclcpp/rclcpp.hpp:144[m[K,
[1.740s]                  from [01m[K/home/hle/Desktop/compsci/ros/slam_capstone/src/capstone_pkg_cpp/src/odom_map_transform.cpp:1[m[K:
[1.740s] /usr/include/c++/9/ext/new_allocator.h: In instantiation of â€˜[01m[Kvoid __gnu_cxx::new_allocator<_Tp>::construct(_Up*, _Args&& ...) [with _Up = odom_map_transform; _Args = {}; _Tp = odom_map_transform][m[Kâ€™:
[1.740s] [01m[K/usr/include/c++/9/bits/alloc_traits.h:483:4:[m[K   required from â€˜[01m[Kstatic void std::allocator_traits<std::allocator<_Tp1> >::construct(std::allocator_traits<std::allocator<_Tp1> >::allocator_type&, _Up*, _Args&& ...) [with _Up = odom_map_transform; _Args = {}; _Tp = odom_map_transform; std::allocator_traits<std::allocator<_Tp1> >::allocator_type = std::allocator<odom_map_transform>][m[Kâ€™
[1.740s] [01m[K/usr/include/c++/9/bits/shared_ptr_base.h:548:39:[m[K   required from â€˜[01m[Kstd::_Sp_counted_ptr_inplace<_Tp, _Alloc, _Lp>::_Sp_counted_ptr_inplace(_Alloc, _Args&& ...) [with _Args = {}; _Tp = odom_map_transform; _Alloc = std::allocator<odom_map_transform>; __gnu_cxx::_Lock_policy _Lp = __gnu_cxx::_S_atomic][m[Kâ€™
[1.740s] [01m[K/usr/include/c++/9/bits/shared_ptr_base.h:679:16:[m[K   required from â€˜[01m[Kstd::__shared_count<_Lp>::__shared_count(_Tp*&, std::_Sp_alloc_shared_tag<_Alloc>, _Args&& ...) [with _Tp = odom_map_transform; _Alloc = std::allocator<odom_map_transform>; _Args = {}; __gnu_cxx::_Lock_policy _Lp = __gnu_cxx::_S_atomic][m[Kâ€™
[1.741s] [01m[K/usr/include/c++/9/bits/shared_ptr_base.h:1344:71:[m[K   required from â€˜[01m[Kstd::__shared_ptr<_Tp, _Lp>::__shared_ptr(std::_Sp_alloc_shared_tag<_Tp>, _Args&& ...) [with _Alloc = std::allocator<odom_map_transform>; _Args = {}; _Tp = odom_map_transform; __gnu_cxx::_Lock_policy _Lp = __gnu_cxx::_S_atomic][m[Kâ€™
[1.741s] [01m[K/usr/include/c++/9/bits/shared_ptr.h:359:59:[m[K   required from â€˜[01m[Kstd::shared_ptr<_Tp>::shared_ptr(std::_Sp_alloc_shared_tag<_Tp>, _Args&& ...) [with _Alloc = std::allocator<odom_map_transform>; _Args = {}; _Tp = odom_map_transform][m[Kâ€™
[1.741s] [01m[K/usr/include/c++/9/bits/shared_ptr.h:701:14:[m[K   required from â€˜[01m[Kstd::shared_ptr<_Tp> std::allocate_shared(const _Alloc&, _Args&& ...) [with _Tp = odom_map_transform; _Alloc = std::allocator<odom_map_transform>; _Args = {}][m[Kâ€™
[1.741s] [01m[K/usr/include/c++/9/bits/shared_ptr.h:717:39:[m[K   required from â€˜[01m[Kstd::shared_ptr<_Tp> std::make_shared(_Args&& ...) [with _Tp = odom_map_transform; _Args = {}][m[Kâ€™
[1.741s] [01m[K/home/hle/Desktop/compsci/ros/slam_capstone/src/capstone_pkg_cpp/src/odom_map_transform.cpp:34:54:[m[K   required from here
[1.741s] [01m[K/usr/include/c++/9/ext/new_allocator.h:146:4:[m[K [01;31m[Kerror: [m[Kuse of deleted function â€˜[01m[Kodom_map_transform::odom_map_transform()[m[Kâ€™
[1.741s]   146 |  { [01;31m[K::new((void *)__p) _Up(std::forward<_Args>(__args)...)[m[K; }
[1.741s]       |    [01;31m[K^~~~~~~~~~~~~~~~~~~~~~~~~~~~~~~~~~~~~~~~~~~~~~~~~~~~~~[m[K
[1.742s] [01m[K/home/hle/Desktop/compsci/ros/slam_capstone/src/capstone_pkg_cpp/src/odom_map_transform.cpp:6:7:[m[K [01;36m[Knote: [m[Kâ€˜[01m[Kodom_map_transform::odom_map_transform()[m[Kâ€™ is implicitly deleted because the default definition would be ill-formed:
[1.742s]     6 | class [01;36m[Kodom_map_transform[m[K : public rclcpp::Node
[1.742s]       |       [01;36m[K^~~~~~~~~~~~~~~~~~[m[K
[1.742s] [01m[K/home/hle/Desktop/compsci/ros/slam_capstone/src/capstone_pkg_cpp/src/odom_map_transform.cpp:6:7:[m[K [01;31m[Kerror: [m[Kno matching function for call to â€˜[01m[Krclcpp::Node::Node()[m[Kâ€™
[1.742s] In file included from [01m[K/opt/ros/foxy/include/rclcpp/executors/single_threaded_executor.hpp:28[m[K,
[1.742s]                  from [01m[K/opt/ros/foxy/include/rclcpp/executors.hpp:22[m[K,
[1.742s]                  from [01m[K/opt/ros/foxy/include/rclcpp/rclcpp.hpp:146[m[K,
[1.742s]                  from [01m[K/home/hle/Desktop/compsci/ros/slam_capstone/src/capstone_pkg_cpp/src/odom_map_transform.cpp:1[m[K:
[1.742s] [01m[K/opt/ros/foxy/include/rclcpp/node.hpp:1193:3:[m[K [01;36m[Knote: [m[Kcandidate: â€˜[01m[Krclcpp::Node::Node(const rclcpp::Node&, const string&)[m[Kâ€™
[1.743s]  1193 |   [01;36m[KNode[m[K(
[1.743s]       |   [01;36m[K^~~~[m[K
[1.743s] [01m[K/opt/ros/foxy/include/rclcpp/node.hpp:1193:3:[m[K [01;36m[Knote: [m[K  candidate expects 2 arguments, 0 provided
[1.743s] [01m[K/opt/ros/foxy/include/rclcpp/node.hpp:98:12:[m[K [01;36m[Knote: [m[Kcandidate: â€˜[01m[Krclcpp::Node::Node(const string&, const string&, const rclcpp::NodeOptions&)[m[Kâ€™
[1.743s]    98 |   explicit [01;36m[KNode[m[K(
[1.743s]       |            [01;36m[K^~~~[m[K
[1.743s] [01m[K/opt/ros/foxy/include/rclcpp/node.hpp:98:12:[m[K [01;36m[Knote: [m[K  candidate expects 3 arguments, 0 provided
[1.743s] [01m[K/opt/ros/foxy/include/rclcpp/node.hpp:86:12:[m[K [01;36m[Knote: [m[Kcandidate: â€˜[01m[Krclcpp::Node::Node(const string&, const rclcpp::NodeOptions&)[m[Kâ€™
[1.743s]    86 |   explicit [01;36m[KNode[m[K(
[1.743s]       |            [01;36m[K^~~~[m[K
[1.744s] [01m[K/opt/ros/foxy/include/rclcpp/node.hpp:86:12:[m[K [01;36m[Knote: [m[K  candidate expects 2 arguments, 0 provided
[1.793s] make[2]: *** [CMakeFiles/odom_map_transform.dir/build.make:63: CMakeFiles/odom_map_transform.dir/src/odom_map_transform.cpp.o] Error 1
[1.793s] make[1]: *** [CMakeFiles/Makefile2:78: CMakeFiles/odom_map_transform.dir/all] Error 2
[1.793s] make: *** [Makefile:141: all] Error 2
[1.802s] Invoked command in '/home/hle/Desktop/compsci/ros/slam_capstone/build/capstone_pkg_cpp' returned '2': CMAKE_PREFIX_PATH=/home/hle/Desktop/compsci/ros/ros2_ws/install/ws_bringup:/home/hle/Desktop/compsci/ros/ros2_ws/install/launch:/home/hle/Desktop/compsci/ros/ros2_ws/install/my_robot_interfaces:/home/hle/Desktop/compsci/ros/ros2_ws/install/my_cpp_pkg:/home/hle/turtlebot3_ws/install/turtlebot3:/home/hle/turtlebot3_ws/install/turtlebot3_simulations:/home/hle/turtlebot3_ws/install/turtlebot3_bringup:/home/hle/turtlebot3_ws/install/turtlebot3_node:/home/hle/turtlebot3_ws/install/turtlebot3_navigation2:/home/hle/turtlebot3_ws/install/turtlebot3_fake_node:/home/hle/turtlebot3_ws/install/turtlebot3_msgs:/home/hle/Desktop/compsci/ros/ros2_ws/install/my_py_pkg:/home/hle/Desktop/compsci/ros/ros2_ws/install/tf_transformations:/home/hle/Desktop/compsci/ros/mapping_controller/install/mapping_controller:/home/hle/turtlebot3_ws/install/turtlebot3_teleop:/home/hle/turtlebot3_ws/install/turtlebot3_example:/home/hle/Desktop/compsci/ros/ir_sensor/install/ir_sensor_pkg:/home/hle/Desktop/compsci/ros/clientserver/install/clientserver_pkg:/home/hle/Desktop/compsci/ros/activity2/install/activity:/home/hle/Desktop/compsci/ros/activity4/install/packages:/home/hle/Desktop/compsci/ros/slam_capstone/install/capstone_pkg:/opt/ros/foxy:/home/hle/turtlebot3_ws/install/turtlebot3_gazebo:/home/hle/turtlebot3_ws/install/turtlebot3_description:/home/hle/turtlebot3_ws/install/turtlebot3_cartographer:/home/hle/turtlebot3_ws/install/dynamixel_sdk_examples:/home/hle/turtlebot3_ws/install/dynamixel_sdk_custom_interfaces:/home/hle/turtlebot3_ws/install/dynamixel_sdk:/home/hle/Desktop/compsci/ros/activity2/install/activity_bringup:/home/hle/Desktop/compsci/ros/activity4/install/interfaces:/home/hle/Desktop/compsci/ros/slam_capstone/install/launch:/home/hle/Desktop/compsci/ros/slam_capstone/install/capstone_bringup:/home/hle/Desktop/compsci/ros/slam_capstone/install/capstone_interfaces /usr/bin/cmake --build /home/hle/Desktop/compsci/ros/slam_capstone/build/capstone_pkg_cpp -- -j8 -l8
