[0.019s] Invoking command in '/home/hle/Desktop/compsci/ros/slam_capstone/build/capstone_pkg_cpp': CMAKE_PREFIX_PATH=/home/hle/Desktop/compsci/ros/ros2_ws/install/ws_bringup:/home/hle/Desktop/compsci/ros/ros2_ws/install/launch:/home/hle/Desktop/compsci/ros/ros2_ws/install/my_robot_interfaces:/home/hle/Desktop/compsci/ros/ros2_ws/install/my_cpp_pkg:/home/hle/turtlebot3_ws/install/turtlebot3:/home/hle/turtlebot3_ws/install/turtlebot3_simulations:/home/hle/turtlebot3_ws/install/turtlebot3_bringup:/home/hle/turtlebot3_ws/install/turtlebot3_node:/home/hle/turtlebot3_ws/install/turtlebot3_navigation2:/home/hle/turtlebot3_ws/install/turtlebot3_fake_node:/home/hle/turtlebot3_ws/install/turtlebot3_msgs:/home/hle/Desktop/compsci/ros/ros2_ws/install/my_py_pkg:/home/hle/Desktop/compsci/ros/ros2_ws/install/tf_transformations:/home/hle/Desktop/compsci/ros/mapping_controller/install/mapping_controller:/home/hle/turtlebot3_ws/install/turtlebot3_teleop:/home/hle/turtlebot3_ws/install/turtlebot3_example:/home/hle/Desktop/compsci/ros/ir_sensor/install/ir_sensor_pkg:/home/hle/Desktop/compsci/ros/clientserver/install/clientserver_pkg:/home/hle/Desktop/compsci/ros/activity2/install/activity:/home/hle/Desktop/compsci/ros/activity4/install/packages:/home/hle/Desktop/compsci/ros/slam_capstone/install/capstone_pkg:/opt/ros/foxy:/home/hle/turtlebot3_ws/install/turtlebot3_gazebo:/home/hle/turtlebot3_ws/install/turtlebot3_description:/home/hle/turtlebot3_ws/install/turtlebot3_cartographer:/home/hle/turtlebot3_ws/install/dynamixel_sdk_examples:/home/hle/turtlebot3_ws/install/dynamixel_sdk_custom_interfaces:/home/hle/turtlebot3_ws/install/dynamixel_sdk:/home/hle/Desktop/compsci/ros/activity2/install/activity_bringup:/home/hle/Desktop/compsci/ros/activity4/install/interfaces:/home/hle/Desktop/compsci/ros/slam_capstone/install/launch:/home/hle/Desktop/compsci/ros/slam_capstone/install/capstone_bringup:/home/hle/Desktop/compsci/ros/slam_capstone/install/capstone_interfaces /usr/bin/cmake --build /home/hle/Desktop/compsci/ros/slam_capstone/build/capstone_pkg_cpp -- -j8 -l8
[0.057s] [35m[1mScanning dependencies of target odom_map_transform[0m
[0.088s] [ 50%] [32mBuilding CXX object CMakeFiles/odom_map_transform.dir/src/odom_map_transform.cpp.o[0m
[1.436s] [01m[K/home/hle/Desktop/compsci/ros/slam_capstone/src/capstone_pkg_cpp/src/odom_map_transform.cpp:6:40:[m[K [01;31m[Kerror: [m[Kexpected class-name before â€˜[01m[K:[m[Kâ€™ token
[1.436s]     6 | class odom_map_transform : public rclpp[01;31m[K:[m[KNode
[1.436s]       |                                        [01;31m[K^[m[K
[1.436s] [01m[K/home/hle/Desktop/compsci/ros/slam_capstone/src/capstone_pkg_cpp/src/odom_map_transform.cpp:6:40:[m[K [01;31m[Kerror: [m[Kexpected â€˜[01m[K{[m[Kâ€™ before â€˜[01m[K:[m[Kâ€™ token
[1.436s] [01m[K/home/hle/Desktop/compsci/ros/slam_capstone/src/capstone_pkg_cpp/src/odom_map_transform.cpp:6:40:[m[K [01;31m[Kerror: [m[Kexpected unqualified-id before â€˜[01m[K:[m[Kâ€™ token
[1.436s] [01m[K/home/hle/Desktop/compsci/ros/slam_capstone/src/capstone_pkg_cpp/src/odom_map_transform.cpp:[m[K In function â€˜[01m[Kint main(int, char**)[m[Kâ€™:
[1.437s] [01m[K/home/hle/Desktop/compsci/ros/slam_capstone/src/capstone_pkg_cpp/src/odom_map_transform.cpp:32:5:[m[K [01;31m[Kerror: [m[Kâ€˜[01m[Krclpp[m[Kâ€™ has not been declared
[1.437s]    32 |     [01;31m[Krclpp[m[K::init(argc, argv);
[1.437s]       |     [01;31m[K^~~~~[m[K
[1.437s] [01m[K/home/hle/Desktop/compsci/ros/slam_capstone/src/capstone_pkg_cpp/src/odom_map_transform.cpp:33:5:[m[K [01;31m[Kerror: [m[Kâ€˜[01m[Krclpp[m[Kâ€™ has not been declared
[1.437s]    33 |     [01;31m[Krclpp[m[K::spin(std::make_shared<odom_map_transform>());
[1.437s]       |     [01;31m[K^~~~~[m[K
[1.438s] [01m[K/home/hle/Desktop/compsci/ros/slam_capstone/src/capstone_pkg_cpp/src/odom_map_transform.cpp:34:5:[m[K [01;31m[Kerror: [m[Kâ€˜[01m[Krclpp[m[Kâ€™ has not been declared
[1.438s]    34 |     [01;31m[Krclpp[m[K::shutdown();
[1.439s]       |     [01;31m[K^~~~~[m[K
[1.709s] In file included from [01m[K/usr/include/c++/9/bits/shared_ptr_base.h:56[m[K,
[1.709s]                  from [01m[K/usr/include/c++/9/bits/shared_ptr.h:52[m[K,
[1.709s]                  from [01m[K/usr/include/c++/9/memory:81[m[K,
[1.709s]                  from [01m[K/opt/ros/foxy/include/rclcpp/rclcpp.hpp:144[m[K,
[1.709s]                  from [01m[K/home/hle/Desktop/compsci/ros/slam_capstone/src/capstone_pkg_cpp/src/odom_map_transform.cpp:1[m[K:
[1.709s] /usr/include/c++/9/ext/aligned_buffer.h: In instantiation of â€˜[01m[Kstruct __gnu_cxx::__aligned_buffer<odom_map_transform>[m[Kâ€™:
[1.709s] [01m[K/usr/include/c++/9/bits/shared_ptr_base.h:535:35:[m[K   required from â€˜[01m[Kclass std::_Sp_counted_ptr_inplace<odom_map_transform, std::allocator<odom_map_transform>, __gnu_cxx::_S_atomic>::_Impl[m[Kâ€™
[1.710s] [01m[K/usr/include/c++/9/bits/shared_ptr_base.h:596:13:[m[K   required from â€˜[01m[Kclass std::_Sp_counted_ptr_inplace<odom_map_transform, std::allocator<odom_map_transform>, __gnu_cxx::_S_atomic>[m[Kâ€™
[1.710s] [01m[K/usr/include/c++/9/bits/shared_ptr_base.h:676:43:[m[K   required from â€˜[01m[Kstd::__shared_count<_Lp>::__shared_count(_Tp*&, std::_Sp_alloc_shared_tag<_Alloc>, _Args&& ...) [with _Tp = odom_map_transform; _Alloc = std::allocator<odom_map_transform>; _Args = {}; __gnu_cxx::_Lock_policy _Lp = __gnu_cxx::_S_atomic][m[Kâ€™
[1.710s] [01m[K/usr/include/c++/9/bits/shared_ptr_base.h:1344:71:[m[K   required from â€˜[01m[Kstd::__shared_ptr<_Tp, _Lp>::__shared_ptr(std::_Sp_alloc_shared_tag<_Tp>, _Args&& ...) [with _Alloc = std::allocator<odom_map_transform>; _Args = {}; _Tp = odom_map_transform; __gnu_cxx::_Lock_policy _Lp = __gnu_cxx::_S_atomic][m[Kâ€™
[1.710s] [01m[K/usr/include/c++/9/bits/shared_ptr.h:359:59:[m[K   required from â€˜[01m[Kstd::shared_ptr<_Tp>::shared_ptr(std::_Sp_alloc_shared_tag<_Tp>, _Args&& ...) [with _Alloc = std::allocator<odom_map_transform>; _Args = {}; _Tp = odom_map_transform][m[Kâ€™
[1.710s] [01m[K/usr/include/c++/9/bits/shared_ptr.h:701:14:[m[K   required from â€˜[01m[Kstd::shared_ptr<_Tp> std::allocate_shared(const _Alloc&, _Args&& ...) [with _Tp = odom_map_transform; _Alloc = std::allocator<odom_map_transform>; _Args = {}][m[Kâ€™
[1.710s] [01m[K/usr/include/c++/9/bits/shared_ptr.h:717:39:[m[K   required from â€˜[01m[Kstd::shared_ptr<_Tp> std::make_shared(_Args&& ...) [with _Tp = odom_map_transform; _Args = {}][m[Kâ€™
[1.710s] [01m[K/home/hle/Desktop/compsci/ros/slam_capstone/src/capstone_pkg_cpp/src/odom_map_transform.cpp:33:54:[m[K   required from here
[1.710s] [01m[K/usr/include/c++/9/ext/aligned_buffer.h:91:28:[m[K [01;31m[Kerror: [m[Kinvalid application of â€˜[01m[Ksizeof[m[Kâ€™ to incomplete type â€˜[01m[Kodom_map_transform[m[Kâ€™
[1.711s]    91 |     : std::aligned_storage<[01;31m[Ksizeof(_Tp)[m[K, __alignof__(_Tp)>
[1.711s]       |                            [01;31m[K^~~~~~~~~~~[m[K
[1.711s] [01m[K/usr/include/c++/9/ext/aligned_buffer.h:91:28:[m[K [01;31m[Kerror: [m[Kinvalid application of â€˜[01m[Ksizeof[m[Kâ€™ to incomplete type â€˜[01m[Kodom_map_transform[m[Kâ€™
[1.799s] make[2]: *** [CMakeFiles/odom_map_transform.dir/build.make:63: CMakeFiles/odom_map_transform.dir/src/odom_map_transform.cpp.o] Error 1
[1.800s] make[1]: *** [CMakeFiles/Makefile2:78: CMakeFiles/odom_map_transform.dir/all] Error 2
[1.800s] make: *** [Makefile:141: all] Error 2
[1.802s] Invoked command in '/home/hle/Desktop/compsci/ros/slam_capstone/build/capstone_pkg_cpp' returned '2': CMAKE_PREFIX_PATH=/home/hle/Desktop/compsci/ros/ros2_ws/install/ws_bringup:/home/hle/Desktop/compsci/ros/ros2_ws/install/launch:/home/hle/Desktop/compsci/ros/ros2_ws/install/my_robot_interfaces:/home/hle/Desktop/compsci/ros/ros2_ws/install/my_cpp_pkg:/home/hle/turtlebot3_ws/install/turtlebot3:/home/hle/turtlebot3_ws/install/turtlebot3_simulations:/home/hle/turtlebot3_ws/install/turtlebot3_bringup:/home/hle/turtlebot3_ws/install/turtlebot3_node:/home/hle/turtlebot3_ws/install/turtlebot3_navigation2:/home/hle/turtlebot3_ws/install/turtlebot3_fake_node:/home/hle/turtlebot3_ws/install/turtlebot3_msgs:/home/hle/Desktop/compsci/ros/ros2_ws/install/my_py_pkg:/home/hle/Desktop/compsci/ros/ros2_ws/install/tf_transformations:/home/hle/Desktop/compsci/ros/mapping_controller/install/mapping_controller:/home/hle/turtlebot3_ws/install/turtlebot3_teleop:/home/hle/turtlebot3_ws/install/turtlebot3_example:/home/hle/Desktop/compsci/ros/ir_sensor/install/ir_sensor_pkg:/home/hle/Desktop/compsci/ros/clientserver/install/clientserver_pkg:/home/hle/Desktop/compsci/ros/activity2/install/activity:/home/hle/Desktop/compsci/ros/activity4/install/packages:/home/hle/Desktop/compsci/ros/slam_capstone/install/capstone_pkg:/opt/ros/foxy:/home/hle/turtlebot3_ws/install/turtlebot3_gazebo:/home/hle/turtlebot3_ws/install/turtlebot3_description:/home/hle/turtlebot3_ws/install/turtlebot3_cartographer:/home/hle/turtlebot3_ws/install/dynamixel_sdk_examples:/home/hle/turtlebot3_ws/install/dynamixel_sdk_custom_interfaces:/home/hle/turtlebot3_ws/install/dynamixel_sdk:/home/hle/Desktop/compsci/ros/activity2/install/activity_bringup:/home/hle/Desktop/compsci/ros/activity4/install/interfaces:/home/hle/Desktop/compsci/ros/slam_capstone/install/launch:/home/hle/Desktop/compsci/ros/slam_capstone/install/capstone_bringup:/home/hle/Desktop/compsci/ros/slam_capstone/install/capstone_interfaces /usr/bin/cmake --build /home/hle/Desktop/compsci/ros/slam_capstone/build/capstone_pkg_cpp -- -j8 -l8
