[0.012s] Invoking command in '/home/hle/Desktop/compsci/ros/slam_capstone/build/capstone_interfaces': CMAKE_PREFIX_PATH=${CMAKE_PREFIX_PATH}:/home/hle/Desktop/compsci/ros/slam_capstone/install/capstone_pkg:/home/hle/turtlebot3_ws/install/turtlebot3_teleop:/home/hle/turtlebot3_ws/install/turtlebot3_example:/home/hle/Desktop/compsci/ros/ir_sensor/install/ir_sensor_pkg:/home/hle/Desktop/compsci/ros/activity4/install/packages:/home/hle/Desktop/compsci/ros/ros2_ws/install/my_py_pkg:/home/hle/Desktop/compsci/ros/clientserver/install/clientserver_pkg:/home/hle/Desktop/compsci/ros/activity2/install/activity:/opt/ros/foxy /usr/bin/cmake --build /home/hle/Desktop/compsci/ros/slam_capstone/build/capstone_interfaces -- -j8 -l8
[0.034s] -- Found ament_cmake: 0.9.9 (/opt/ros/foxy/share/ament_cmake/cmake)
[0.060s] -- Found PythonInterp: /usr/bin/python3 (found suitable version "3.8.10", minimum required is "3") 
[0.060s] -- Using PYTHON_EXECUTABLE: /usr/bin/python3
[0.206s] -- Override CMake install command with custom implementation using symlinks instead of copying resources
[0.211s] -- Found rosidl_default_generators: 1.0.1 (/opt/ros/foxy/share/rosidl_default_generators/cmake)
[0.215s] -- Using all available rosidl_typesupport_c: rosidl_typesupport_fastrtps_c;rosidl_typesupport_introspection_c
[0.218s] -- Found rosidl_adapter: 1.2.1 (/opt/ros/foxy/share/rosidl_adapter/cmake)
[0.328s] -- Using all available rosidl_typesupport_cpp: rosidl_typesupport_fastrtps_cpp;rosidl_typesupport_introspection_cpp
[0.372s] -- Found PythonInterp: /usr/bin/python3 (found version "3.8.10") 
[0.522s] CMake Error at /opt/ros/foxy/share/rosidl_adapter/cmake/rosidl_adapt_interfaces.cmake:60 (message):
[0.522s]   execute_process(/usr/bin/python3 -m rosidl_adapter --package-name
[0.523s]   capstone_interfaces --arguments-file
[0.523s]   /home/hle/Desktop/compsci/ros/slam_capstone/build/capstone_interfaces/rosidl_adapter__arguments__capstone_interfaces.json
[0.523s]   --output-dir
[0.523s]   /home/hle/Desktop/compsci/ros/slam_capstone/build/capstone_interfaces/rosidl_adapter/capstone_interfaces
[0.523s]   --output-file
[0.523s]   /home/hle/Desktop/compsci/ros/slam_capstone/build/capstone_interfaces/rosidl_adapter/capstone_interfaces.idls)
[0.523s]   returned error code 1:
[0.523s] 
[0.523s]   Traceback (most recent call last):
[0.523s] 
[0.523s]     File "/usr/lib/python3.8/runpy.py", line 194, in _run_module_as_main
[0.523s]       return _run_code(code, main_globals, None,
[0.523s]     File "/usr/lib/python3.8/runpy.py", line 87, in _run_code
[0.524s]       exec(code, run_globals)
[0.524s]     File "/opt/ros/foxy/lib/python3.8/site-packages/rosidl_adapter/__main__.py", line 19, in <module>
[0.524s]       sys.exit(main())
[0.524s]     File "/opt/ros/foxy/lib/python3.8/site-packages/rosidl_adapter/main.py", line 53, in main
[0.524s]       abs_idl_file = convert_to_idl(
[0.524s]     File "/opt/ros/foxy/lib/python3.8/site-packages/rosidl_adapter/__init__.py", line 19, in convert_to_idl
[0.524s]       return convert_msg_to_idl(
[0.524s]     File "/opt/ros/foxy/lib/python3.8/site-packages/rosidl_adapter/msg/__init__.py", line 28, in convert_msg_to_idl
[0.524s]       msg = parse_message_string(package_name, input_file.stem, content)
[0.524s]     File "/opt/ros/foxy/lib/python3.8/site-packages/rosidl_adapter/parser.py", line 540, in parse_message_string
[0.524s]       msg = MessageSpecification(pkg_name, msg_name, fields, constants)
[0.524s]     File "/opt/ros/foxy/lib/python3.8/site-packages/rosidl_adapter/parser.py", line 387, in __init__
[0.524s]       self.base_type = BaseType(
[0.524s]     File "/opt/ros/foxy/lib/python3.8/site-packages/rosidl_adapter/parser.py", line 204, in __init__
[0.524s]       raise InvalidResourceName(
[0.525s] 
[0.525s]   rosidl_adapter.parser.InvalidResourceName: 'tb3Status' is an invalid
[0.525s]   message name.  It should have the pattern '^[A-Z][A-Za-z0-9]*$'
[0.525s] 
[0.525s] Call Stack (most recent call first):
[0.525s]   /opt/ros/foxy/share/rosidl_cmake/cmake/rosidl_generate_interfaces.cmake:130 (rosidl_adapt_interfaces)
[0.525s]   CMakeLists.txt:21 (rosidl_generate_interfaces)
[0.525s] 
[0.525s] 
[0.525s] -- Configuring incomplete, errors occurred!
[0.525s] See also "/home/hle/Desktop/compsci/ros/slam_capstone/build/capstone_interfaces/CMakeFiles/CMakeOutput.log".
[0.528s] make: *** [Makefile:748: cmake_check_build_system] Error 1
[0.530s] Invoked command in '/home/hle/Desktop/compsci/ros/slam_capstone/build/capstone_interfaces' returned '2': CMAKE_PREFIX_PATH=${CMAKE_PREFIX_PATH}:/home/hle/Desktop/compsci/ros/slam_capstone/install/capstone_pkg:/home/hle/turtlebot3_ws/install/turtlebot3_teleop:/home/hle/turtlebot3_ws/install/turtlebot3_example:/home/hle/Desktop/compsci/ros/ir_sensor/install/ir_sensor_pkg:/home/hle/Desktop/compsci/ros/activity4/install/packages:/home/hle/Desktop/compsci/ros/ros2_ws/install/my_py_pkg:/home/hle/Desktop/compsci/ros/clientserver/install/clientserver_pkg:/home/hle/Desktop/compsci/ros/activity2/install/activity:/opt/ros/foxy /usr/bin/cmake --build /home/hle/Desktop/compsci/ros/slam_capstone/build/capstone_interfaces -- -j8 -l8
