In file included from [01m[K/home/hle/Desktop/compsci/ros/slam_capstone/build/capstone_interfaces/rosidl_generator_c/capstone_interfaces/msg/detail/tb3_status__functions.h:19[m[K,
                 from [01m[K/home/hle/Desktop/compsci/ros/slam_capstone/build/capstone_interfaces/rosidl_generator_c/capstone_interfaces/msg/detail/tb3_status__functions.c:4[m[K:
[01m[K/home/hle/Desktop/compsci/ros/slam_capstone/build/capstone_interfaces/rosidl_generator_c/capstone_interfaces/msg/detail/tb3_status__struct.h:23:10:[m[K [01;31m[Kfatal error: [m[Kcapstone_interfaces/msg/detail/vector3__struct.h: No such file or directory
   23 | #include [01;31m[K"capstone_interfaces/msg/detail/vector3__struct.h"[m[K
      |          [01;31m[K^~~~~~~~~~~~~~~~~~~~~~~~~~~~~~~~~~~~~~~~~~~~~~~~~~[m[K
compilation terminated.
make[2]: *** [CMakeFiles/capstone_interfaces__rosidl_generator_c.dir/build.make:92: CMakeFiles/capstone_interfaces__rosidl_generator_c.dir/rosidl_generator_c/capstone_interfaces/msg/detail/tb3_status__functions.c.o] Error 1
make[1]: *** [CMakeFiles/Makefile2:332: CMakeFiles/capstone_interfaces__rosidl_generator_c.dir/all] Error 2
make[1]: *** Waiting for unfinished jobs....
In file included from [01m[K/home/hle/Desktop/compsci/ros/slam_capstone/build/capstone_interfaces/rosidl_typesupport_cpp/capstone_interfaces/msg/tb3_status__type_support.cpp:7[m[K:
[01m[K/home/hle/Desktop/compsci/ros/slam_capstone/build/capstone_interfaces/rosidl_generator_cpp/capstone_interfaces/msg/detail/tb3_status__struct.hpp:20:10:[m[K [01;31m[Kfatal error: [m[Kcapstone_interfaces/msg/detail/vector3__struct.hpp: No such file or directory
   20 | #include [01;31m[K"capstone_interfaces/msg/detail/vector3__struct.hpp"[m[K
      |          [01;31m[K^~~~~~~~~~~~~~~~~~~~~~~~~~~~~~~~~~~~~~~~~~~~~~~~~~~~[m[K
compilation terminated.
make[2]: *** [CMakeFiles/capstone_interfaces__rosidl_typesupport_cpp.dir/build.make:73: CMakeFiles/capstone_interfaces__rosidl_typesupport_cpp.dir/rosidl_typesupport_cpp/capstone_interfaces/msg/tb3_status__type_support.cpp.o] Error 1
make[1]: *** [CMakeFiles/Makefile2:469: CMakeFiles/capstone_interfaces__rosidl_typesupport_cpp.dir/all] Error 2
In file included from [01m[K/home/hle/Desktop/compsci/ros/slam_capstone/build/capstone_interfaces/rosidl_typesupport_fastrtps_cpp/capstone_interfaces/msg/detail/tb3_status__rosidl_typesupport_fastrtps_cpp.hpp:11[m[K,
                 from [01m[K/home/hle/Desktop/compsci/ros/slam_capstone/build/capstone_interfaces/rosidl_typesupport_fastrtps_cpp/capstone_interfaces/msg/detail/dds_fastrtps/tb3_status__type_support.cpp:4[m[K:
[01m[K/home/hle/Desktop/compsci/ros/slam_capstone/build/capstone_interfaces/rosidl_generator_cpp/capstone_interfaces/msg/detail/tb3_status__struct.hpp:20:10:[m[K [01;31m[Kfatal error: [m[Kcapstone_interfaces/msg/detail/vector3__struct.hpp: No such file or directory
   20 | #include [01;31m[K"capstone_interfaces/msg/detail/vector3__struct.hpp"[m[K
      |          [01;31m[K^~~~~~~~~~~~~~~~~~~~~~~~~~~~~~~~~~~~~~~~~~~~~~~~~~~~[m[K
compilation terminated.
make[2]: *** [CMakeFiles/capstone_interfaces__rosidl_typesupport_fastrtps_cpp.dir/build.make:78: CMakeFiles/capstone_interfaces__rosidl_typesupport_fastrtps_cpp.dir/rosidl_typesupport_fastrtps_cpp/capstone_interfaces/msg/detail/dds_fastrtps/tb3_status__type_support.cpp.o] Error 1
make[1]: *** [CMakeFiles/Makefile2:415: CMakeFiles/capstone_interfaces__rosidl_typesupport_fastrtps_cpp.dir/all] Error 2
In file included from [01m[K/home/hle/Desktop/compsci/ros/slam_capstone/build/capstone_interfaces/rosidl_typesupport_introspection_cpp/capstone_interfaces/msg/detail/tb3_status__type_support.cpp:12[m[K:
[01m[K/home/hle/Desktop/compsci/ros/slam_capstone/build/capstone_interfaces/rosidl_generator_cpp/capstone_interfaces/msg/detail/tb3_status__struct.hpp:20:10:[m[K [01;31m[Kfatal error: [m[Kcapstone_interfaces/msg/detail/vector3__struct.hpp: No such file or directory
   20 | #include [01;31m[K"capstone_interfaces/msg/detail/vector3__struct.hpp"[m[K
      |          [01;31m[K^~~~~~~~~~~~~~~~~~~~~~~~~~~~~~~~~~~~~~~~~~~~~~~~~~~~[m[K
compilation terminated.
make[2]: *** [CMakeFiles/capstone_interfaces__rosidl_typesupport_introspection_cpp.dir/build.make:78: CMakeFiles/capstone_interfaces__rosidl_typesupport_introspection_cpp.dir/rosidl_typesupport_introspection_cpp/capstone_interfaces/msg/detail/tb3_status__type_support.cpp.o] Error 1
make[1]: *** [CMakeFiles/Makefile2:496: CMakeFiles/capstone_interfaces__rosidl_typesupport_introspection_cpp.dir/all] Error 2
make: *** [Makefile:141: all] Error 2
