[0.012s] Invoking command in '/home/hle/Desktop/compsci/ros/slam_capstone/build/capstone_interfaces': CMAKE_PREFIX_PATH=${CMAKE_PREFIX_PATH}:/home/hle/Desktop/compsci/ros/slam_capstone/install/capstone_pkg:/home/hle/turtlebot3_ws/install/turtlebot3_teleop:/home/hle/turtlebot3_ws/install/turtlebot3_example:/home/hle/Desktop/compsci/ros/ir_sensor/install/ir_sensor_pkg:/home/hle/Desktop/compsci/ros/activity4/install/packages:/home/hle/Desktop/compsci/ros/ros2_ws/install/my_py_pkg:/home/hle/Desktop/compsci/ros/clientserver/install/clientserver_pkg:/home/hle/Desktop/compsci/ros/activity2/install/activity:/opt/ros/foxy /usr/bin/cmake /home/hle/Desktop/compsci/ros/slam_capstone/src/capstone_interfaces -DAMENT_CMAKE_SYMLINK_INSTALL=1 -DCMAKE_INSTALL_PREFIX=/home/hle/Desktop/compsci/ros/slam_capstone/install/capstone_interfaces
[0.026s] -- Found ament_cmake: 0.9.9 (/opt/ros/foxy/share/ament_cmake/cmake)
[0.052s] -- Found PythonInterp: /usr/bin/python3 (found suitable version "3.8.10", minimum required is "3") 
[0.053s] -- Using PYTHON_EXECUTABLE: /usr/bin/python3
[0.206s] -- Override CMake install command with custom implementation using symlinks instead of copying resources
[0.212s] -- Found rosidl_default_generators: 1.0.1 (/opt/ros/foxy/share/rosidl_default_generators/cmake)
[0.217s] -- Using all available rosidl_typesupport_c: rosidl_typesupport_fastrtps_c;rosidl_typesupport_introspection_c
[0.220s] -- Found rosidl_adapter: 1.2.1 (/opt/ros/foxy/share/rosidl_adapter/cmake)
[0.336s] -- Using all available rosidl_typesupport_cpp: rosidl_typesupport_fastrtps_cpp;rosidl_typesupport_introspection_cpp
[0.381s] -- Found PythonInterp: /usr/bin/python3 (found version "3.8.10") 
[0.492s] -- Found ament_cmake_ros: 0.9.2 (/opt/ros/foxy/share/ament_cmake_ros/cmake)
[0.575s] -- Using all available rosidl_typesupport_c: rosidl_typesupport_fastrtps_c;rosidl_typesupport_introspection_c
[0.583s] -- Using all available rosidl_typesupport_cpp: rosidl_typesupport_fastrtps_cpp;rosidl_typesupport_introspection_cpp
[0.611s] -- Found PythonInterp: /usr/bin/python3 (found suitable version "3.8.10", minimum required is "3.5") 
[0.611s] -- Found python_cmake_module: 0.8.1 (/opt/ros/foxy/share/python_cmake_module/cmake)
[0.638s] -- Using PYTHON_EXECUTABLE: /usr/bin/python3
[0.638s] -- Using PYTHON_INCLUDE_DIRS: /usr/include/python3.8
[0.638s] -- Using PYTHON_LIBRARIES: /usr/lib/x86_64-linux-gnu/libpython3.8.so
[0.655s] -- Found ament_lint_auto: 0.9.6 (/opt/ros/foxy/share/ament_lint_auto/cmake)
[0.665s] -- Added test 'copyright' to check source files copyright and LICENSE
[0.666s] -- Added test 'lint_cmake' to check CMake code style
[0.666s] -- Added test 'xmllint' to check XML markup files
[0.670s] -- Configuring done
[0.708s] -- Generating done
[0.711s] -- Build files have been written to: /home/hle/Desktop/compsci/ros/slam_capstone/build/capstone_interfaces
[0.717s] Invoked command in '/home/hle/Desktop/compsci/ros/slam_capstone/build/capstone_interfaces' returned '0': CMAKE_PREFIX_PATH=${CMAKE_PREFIX_PATH}:/home/hle/Desktop/compsci/ros/slam_capstone/install/capstone_pkg:/home/hle/turtlebot3_ws/install/turtlebot3_teleop:/home/hle/turtlebot3_ws/install/turtlebot3_example:/home/hle/Desktop/compsci/ros/ir_sensor/install/ir_sensor_pkg:/home/hle/Desktop/compsci/ros/activity4/install/packages:/home/hle/Desktop/compsci/ros/ros2_ws/install/my_py_pkg:/home/hle/Desktop/compsci/ros/clientserver/install/clientserver_pkg:/home/hle/Desktop/compsci/ros/activity2/install/activity:/opt/ros/foxy /usr/bin/cmake /home/hle/Desktop/compsci/ros/slam_capstone/src/capstone_interfaces -DAMENT_CMAKE_SYMLINK_INSTALL=1 -DCMAKE_INSTALL_PREFIX=/home/hle/Desktop/compsci/ros/slam_capstone/install/capstone_interfaces
[0.720s] Invoking command in '/home/hle/Desktop/compsci/ros/slam_capstone/build/capstone_interfaces': CMAKE_PREFIX_PATH=${CMAKE_PREFIX_PATH}:/home/hle/Desktop/compsci/ros/slam_capstone/install/capstone_pkg:/home/hle/turtlebot3_ws/install/turtlebot3_teleop:/home/hle/turtlebot3_ws/install/turtlebot3_example:/home/hle/Desktop/compsci/ros/ir_sensor/install/ir_sensor_pkg:/home/hle/Desktop/compsci/ros/activity4/install/packages:/home/hle/Desktop/compsci/ros/ros2_ws/install/my_py_pkg:/home/hle/Desktop/compsci/ros/clientserver/install/clientserver_pkg:/home/hle/Desktop/compsci/ros/activity2/install/activity:/opt/ros/foxy /usr/bin/cmake --build /home/hle/Desktop/compsci/ros/slam_capstone/build/capstone_interfaces -- -j8 -l8
[0.758s] [  3%] [34m[1mGenerating C code for ROS interfaces[0m
[0.769s] [  6%] [34m[1mGenerating C++ code for ROS interfaces[0m
[1.055s] [  6%] Built target capstone_interfaces__cpp
[1.072s] [  9%] [34m[1mGenerating C++ type support dispatch for ROS interfaces[0m
[1.072s] [ 16%] [34m[1mGenerating C++ introspection for ROS interfaces[0m
[1.073s] [ 16%] [34m[1mGenerating C++ type support for eProsima Fast-RTPS[0m
[1.123s] [35m[1mScanning dependencies of target capstone_interfaces__rosidl_generator_c[0m
[1.147s] [ 19%] [32mBuilding C object CMakeFiles/capstone_interfaces__rosidl_generator_c.dir/rosidl_generator_c/capstone_interfaces/msg/detail/tb3_status__functions.c.o[0m
[1.169s] In file included from [01m[K/home/hle/Desktop/compsci/ros/slam_capstone/build/capstone_interfaces/rosidl_generator_c/capstone_interfaces/msg/detail/tb3_status__functions.h:19[m[K,
[1.169s]                  from [01m[K/home/hle/Desktop/compsci/ros/slam_capstone/build/capstone_interfaces/rosidl_generator_c/capstone_interfaces/msg/detail/tb3_status__functions.c:4[m[K:
[1.169s] [01m[K/home/hle/Desktop/compsci/ros/slam_capstone/build/capstone_interfaces/rosidl_generator_c/capstone_interfaces/msg/detail/tb3_status__struct.h:23:10:[m[K [01;31m[Kfatal error: [m[Kcapstone_interfaces/msg/detail/vector3__struct.h: No such file or directory
[1.169s]    23 | #include [01;31m[K"capstone_interfaces/msg/detail/vector3__struct.h"[m[K
[1.170s]       |          [01;31m[K^~~~~~~~~~~~~~~~~~~~~~~~~~~~~~~~~~~~~~~~~~~~~~~~~~[m[K
[1.170s] compilation terminated.
[1.170s] make[2]: *** [CMakeFiles/capstone_interfaces__rosidl_generator_c.dir/build.make:92: CMakeFiles/capstone_interfaces__rosidl_generator_c.dir/rosidl_generator_c/capstone_interfaces/msg/detail/tb3_status__functions.c.o] Error 1
[1.170s] make[1]: *** [CMakeFiles/Makefile2:332: CMakeFiles/capstone_interfaces__rosidl_generator_c.dir/all] Error 2
[1.171s] make[1]: *** Waiting for unfinished jobs....
[1.369s] [35m[1mScanning dependencies of target capstone_interfaces__rosidl_typesupport_cpp[0m
[1.386s] [ 22%] [32mBuilding CXX object CMakeFiles/capstone_interfaces__rosidl_typesupport_cpp.dir/rosidl_typesupport_cpp/capstone_interfaces/msg/tb3_status__type_support.cpp.o[0m
[1.414s] [35m[1mScanning dependencies of target capstone_interfaces__rosidl_typesupport_fastrtps_cpp[0m
[1.432s] [ 25%] [32mBuilding CXX object CMakeFiles/capstone_interfaces__rosidl_typesupport_fastrtps_cpp.dir/rosidl_typesupport_fastrtps_cpp/capstone_interfaces/msg/detail/dds_fastrtps/tb3_status__type_support.cpp.o[0m
[1.445s] In file included from [01m[K/home/hle/Desktop/compsci/ros/slam_capstone/build/capstone_interfaces/rosidl_typesupport_cpp/capstone_interfaces/msg/tb3_status__type_support.cpp:7[m[K:
[1.445s] [01m[K/home/hle/Desktop/compsci/ros/slam_capstone/build/capstone_interfaces/rosidl_generator_cpp/capstone_interfaces/msg/detail/tb3_status__struct.hpp:20:10:[m[K [01;31m[Kfatal error: [m[Kcapstone_interfaces/msg/detail/vector3__struct.hpp: No such file or directory
[1.445s]    20 | #include [01;31m[K"capstone_interfaces/msg/detail/vector3__struct.hpp"[m[K
[1.446s]       |          [01;31m[K^~~~~~~~~~~~~~~~~~~~~~~~~~~~~~~~~~~~~~~~~~~~~~~~~~~~[m[K
[1.446s] compilation terminated.
[1.447s] make[2]: *** [CMakeFiles/capstone_interfaces__rosidl_typesupport_cpp.dir/build.make:73: CMakeFiles/capstone_interfaces__rosidl_typesupport_cpp.dir/rosidl_typesupport_cpp/capstone_interfaces/msg/tb3_status__type_support.cpp.o] Error 1
[1.447s] make[1]: *** [CMakeFiles/Makefile2:469: CMakeFiles/capstone_interfaces__rosidl_typesupport_cpp.dir/all] Error 2
[1.458s] [35m[1mScanning dependencies of target capstone_interfaces__rosidl_typesupport_introspection_cpp[0m
[1.474s] [ 29%] [32mBuilding CXX object CMakeFiles/capstone_interfaces__rosidl_typesupport_introspection_cpp.dir/rosidl_typesupport_introspection_cpp/capstone_interfaces/msg/detail/tb3_status__type_support.cpp.o[0m
[1.490s] In file included from [01m[K/home/hle/Desktop/compsci/ros/slam_capstone/build/capstone_interfaces/rosidl_typesupport_fastrtps_cpp/capstone_interfaces/msg/detail/tb3_status__rosidl_typesupport_fastrtps_cpp.hpp:11[m[K,
[1.491s]                  from [01m[K/home/hle/Desktop/compsci/ros/slam_capstone/build/capstone_interfaces/rosidl_typesupport_fastrtps_cpp/capstone_interfaces/msg/detail/dds_fastrtps/tb3_status__type_support.cpp:4[m[K:
[1.491s] [01m[K/home/hle/Desktop/compsci/ros/slam_capstone/build/capstone_interfaces/rosidl_generator_cpp/capstone_interfaces/msg/detail/tb3_status__struct.hpp:20:10:[m[K [01;31m[Kfatal error: [m[Kcapstone_interfaces/msg/detail/vector3__struct.hpp: No such file or directory
[1.491s]    20 | #include [01;31m[K"capstone_interfaces/msg/detail/vector3__struct.hpp"[m[K
[1.491s]       |          [01;31m[K^~~~~~~~~~~~~~~~~~~~~~~~~~~~~~~~~~~~~~~~~~~~~~~~~~~~[m[K
[1.491s] compilation terminated.
[1.492s] make[2]: *** [CMakeFiles/capstone_interfaces__rosidl_typesupport_fastrtps_cpp.dir/build.make:78: CMakeFiles/capstone_interfaces__rosidl_typesupport_fastrtps_cpp.dir/rosidl_typesupport_fastrtps_cpp/capstone_interfaces/msg/detail/dds_fastrtps/tb3_status__type_support.cpp.o] Error 1
[1.492s] make[1]: *** [CMakeFiles/Makefile2:415: CMakeFiles/capstone_interfaces__rosidl_typesupport_fastrtps_cpp.dir/all] Error 2
[1.521s] In file included from [01m[K/home/hle/Desktop/compsci/ros/slam_capstone/build/capstone_interfaces/rosidl_typesupport_introspection_cpp/capstone_interfaces/msg/detail/tb3_status__type_support.cpp:12[m[K:
[1.522s] [01m[K/home/hle/Desktop/compsci/ros/slam_capstone/build/capstone_interfaces/rosidl_generator_cpp/capstone_interfaces/msg/detail/tb3_status__struct.hpp:20:10:[m[K [01;31m[Kfatal error: [m[Kcapstone_interfaces/msg/detail/vector3__struct.hpp: No such file or directory
[1.522s]    20 | #include [01;31m[K"capstone_interfaces/msg/detail/vector3__struct.hpp"[m[K
[1.522s]       |          [01;31m[K^~~~~~~~~~~~~~~~~~~~~~~~~~~~~~~~~~~~~~~~~~~~~~~~~~~~[m[K
[1.522s] compilation terminated.
[1.523s] make[2]: *** [CMakeFiles/capstone_interfaces__rosidl_typesupport_introspection_cpp.dir/build.make:78: CMakeFiles/capstone_interfaces__rosidl_typesupport_introspection_cpp.dir/rosidl_typesupport_introspection_cpp/capstone_interfaces/msg/detail/tb3_status__type_support.cpp.o] Error 1
[1.523s] make[1]: *** [CMakeFiles/Makefile2:496: CMakeFiles/capstone_interfaces__rosidl_typesupport_introspection_cpp.dir/all] Error 2
[1.523s] make: *** [Makefile:141: all] Error 2
[1.525s] Invoked command in '/home/hle/Desktop/compsci/ros/slam_capstone/build/capstone_interfaces' returned '2': CMAKE_PREFIX_PATH=${CMAKE_PREFIX_PATH}:/home/hle/Desktop/compsci/ros/slam_capstone/install/capstone_pkg:/home/hle/turtlebot3_ws/install/turtlebot3_teleop:/home/hle/turtlebot3_ws/install/turtlebot3_example:/home/hle/Desktop/compsci/ros/ir_sensor/install/ir_sensor_pkg:/home/hle/Desktop/compsci/ros/activity4/install/packages:/home/hle/Desktop/compsci/ros/ros2_ws/install/my_py_pkg:/home/hle/Desktop/compsci/ros/clientserver/install/clientserver_pkg:/home/hle/Desktop/compsci/ros/activity2/install/activity:/opt/ros/foxy /usr/bin/cmake --build /home/hle/Desktop/compsci/ros/slam_capstone/build/capstone_interfaces -- -j8 -l8
