-- Found ament_cmake: 0.9.9 (/opt/ros/foxy/share/ament_cmake/cmake)
-- Using PYTHON_EXECUTABLE: /usr/bin/python3
-- Override CMake install command with custom implementation using symlinks instead of copying resources
-- Found rclcpp: 2.4.1 (/opt/ros/foxy/share/rclcpp/cmake)
-- Using all available rosidl_typesupport_c: rosidl_typesupport_fastrtps_c;rosidl_typesupport_introspection_c
-- Found rosidl_adapter: 1.2.1 (/opt/ros/foxy/share/rosidl_adapter/cmake)
-- Using all available rosidl_typesupport_cpp: rosidl_typesupport_fastrtps_cpp;rosidl_typesupport_introspection_cpp
-- Found rmw_implementation_cmake: 1.0.3 (/opt/ros/foxy/share/rmw_implementation_cmake/cmake)
-- Using RMW implementation 'rmw_fastrtps_cpp' as default
-- Found tf2_ros: 0.13.13 (/opt/ros/foxy/share/tf2_ros/cmake)
-- Configuring done
-- Generating done
-- Build files have been written to: /home/hle/Desktop/compsci/ros/slam_capstone/build/capstone_pkg_cpp
[35m[1mScanning dependencies of target odom_map_transform[0m
[ 50%] [32mBuilding CXX object CMakeFiles/odom_map_transform.dir/src/odom_map_transform.cpp.o[0m
[01m[K/home/hle/Desktop/compsci/ros/slam_capstone/src/capstone_pkg_cpp/src/odom_map_transform.cpp:1:10:[m[K [01;31m[Kfatal error: [m[Krclpp/rclpp.hpp: No such file or directory
    1 | #include [01;31m[K<rclpp/rclpp.hpp>[m[K
      |          [01;31m[K^~~~~~~~~~~~~~~~~[m[K
compilation terminated.
make[2]: *** [CMakeFiles/odom_map_transform.dir/build.make:63: CMakeFiles/odom_map_transform.dir/src/odom_map_transform.cpp.o] Error 1
make[1]: *** [CMakeFiles/Makefile2:78: CMakeFiles/odom_map_transform.dir/all] Error 2
make: *** [Makefile:141: all] Error 2
